<?xml version="1.0" encoding="utf-8"?>
<test-run id="2" testcasecount="1" result="Passed" total="1" passed="1" failed="0" inconclusive="0" skipped="0" asserts="0" engine-version="3.5.0.0" clr-version="4.0.30319.42000" start-time="2026-06-24 05:34:17Z" end-time="2026-06-24 05:34:17Z" duration="0.0369222">
  <test-suite type="TestSuite" id="1193" name="CaseStudy" fullname="CaseStudy" runstate="Runnable" testcasecount="159" result="Passed" start-time="2026-06-24 05:34:17Z" end-time="2026-06-24 05:34:17Z" duration="0.036922" total="1" passed="1" failed="0" inconclusive="0" skipped="0" asserts="0">
    <properties>
      <property name="platform" value="EditMode" />
    </properties>
    <test-suite type="Assembly" id="1183" name="Assembly-CSharp-Editor.dll" fullname="C:/case/Case/CaseStudy/Library/ScriptAssemblies/Assembly-CSharp-Editor.dll" runstate="Runnable" testcasecount="159" result="Passed" start-time="2026-06-24 05:34:17Z" end-time="2026-06-24 05:34:17Z" duration="0.026259" total="1" passed="1" failed="0" inconclusive="0" skipped="0" asserts="0">
      <properties>
        <property name="_PID" value="37012" />
        <property name="_APPDOMAIN" value="Unity Child Domain" />
        <property name="platform" value="EditMode" />
        <property name="EditorOnly" value="True" />
      </properties>
      <test-suite type="TestFixture" id="1096" name="OptionsMenuTests" fullname="OptionsMenuTests" classname="OptionsMenuTests" runstate="Runnable" testcasecount="1" result="Passed" start-time="2026-06-24 05:34:17Z" end-time="2026-06-24 05:34:17Z" duration="0.021937" total="1" passed="1" failed="0" inconclusive="0" skipped="0" asserts="0">
        <properties>
          <property name="Category" value="UI/Menu" />
        </properties>
        <test-case id="1097" name="CaptureAndRestorePausedPlayerVelocity_PreservesPlayerRigidbodyVelocity" fullname="OptionsMenuTests.CaptureAndRestorePausedPlayerVelocity_PreservesPlayerRigidbodyVelocity" methodname="CaptureAndRestorePausedPlayerVelocity_PreservesPlayerRigidbodyVelocity" classname="OptionsMenuTests" runstate="Runnable" seed="683382865" result="Passed" start-time="2026-06-24 05:34:17Z" end-time="2026-06-24 05:34:17Z" duration="0.012058" asserts="0">
          <properties>
            <property name="retryIteration" value="0" />
            <property name="repeatIteration" value="0" />
          </properties>
          <output><![CDATA[Saving results to: C:/Users/manto/AppData/LocalLow/DefaultCompany/CaseStudy\TestResults.xml
]]></output>
        </test-case>
      </test-suite>
    </test-suite>
  </test-suite>
</test-run>